<?xml version="1.0" encoding="UTF-8"?>
<!-- Generated by org.testng.reporters.JUnitReportReporter -->
<testsuite skipped="1" hostname="ip-172-31-65-116" name="test.LoginTest" tests="2" failures="0" timestamp="2021-07-29T16:41:14 UTC" time="6.428" errors="0">
  <testcase name="LoginTst2" time="6.428" classname="test.LoginTest"/>
  <system-out/>
  <testcase name="LoginTst" classname="test.LoginTest">
    <skipped/>
  </testcase> <!-- LoginTst -->
  <system-out/>
</testsuite> <!-- test.LoginTest -->
